<?xml version="1.0" encoding="UTF-8"?>
<TestRun id="855f8d2b-5a1d-4f6a-9f74-8e5004f2dacf" name="Yaudi02@YAUDI 2015-11-02 17:14:06" runUser="YAUDI\Yaudi02" xmlns="http://microsoft.com/schemas/VisualStudio/TeamTest/2010">
  <TestSettings name="Local" id="3cf43bb4-15bc-4363-bde9-c4ace15e3d25">
    <Description>Esta es la configuración de pruebas predeterminada para una ejecución de pruebas local.</Description>
    <Deployment enabled="false" runDeploymentRoot="Yaudi02_YAUDI 2015-11-02 17_14_06">
      <DeploymentItem filename="C:\Users\Yaudi02\Documents\Visual Studio 2010\Projects\Calculadora\cnClaculadora\bin\Debug\cnClaculadora.dll" />
    </Deployment>
    <Execution>
      <TestTypeSpecific />
      <AgentRule name="Execution Agents">
      </AgentRule>
    </Execution>
  </TestSettings>
  <Times creation="2015-11-02T17:14:06.4133562-06:00" queuing="2015-11-02T17:14:07.9045180-06:00" start="2015-11-02T17:14:08.1116558-06:00" finish="2015-11-02T17:14:10.0491299-06:00" />
  <ResultSummary outcome="Completed">
    <Counters total="1" executed="1" passed="1" error="0" failed="0" timeout="0" aborted="0" inconclusive="0" passedButRunAborted="0" notRunnable="0" notExecuted="0" disconnected="0" warning="0" completed="0" inProgress="0" pending="0" />
  </ResultSummary>
  <TestDefinitions>
    <UnitTest name="sumarNumerosTest" storage="c:\users\yaudi02\documents\visual studio 2010\projects\calculadora\calculadoratest\bin\debug\calculadoratest.dll" id="f0261c4f-67de-2792-b5a5-4b69e13822d1">
      <Execution id="c9ab6e96-4fff-4cf3-8b6a-b40d41a4daa8" />
      <TestMethod codeBase="C:/Users/Yaudi02/Documents/Visual Studio 2010/Projects/Calculadora/calculadoraTest/bin/Debug/calculadoraTest.DLL" adapterTypeName="Microsoft.VisualStudio.TestTools.TestTypes.Unit.UnitTestAdapter, Microsoft.VisualStudio.QualityTools.Tips.UnitTest.Adapter, Version=10.0.0.0, Culture=neutral, PublicKeyToken=b03f5f7f11d50a3a" className="calculadoraTest.LogicaTest, calculadoraTest, Version=1.0.0.0, Culture=neutral, PublicKeyToken=null" name="sumarNumerosTest" />
    </UnitTest>
  </TestDefinitions>
  <TestLists>
    <TestList name="Resultados que no están en la lista" id="8c84fa94-04c1-424b-9868-57a2d4851a1d" />
    <TestList name="Todos los resultados cargados" id="19431567-8539-422a-85d7-44ee4e166bda" />
  </TestLists>
  <TestEntries>
    <TestEntry testId="f0261c4f-67de-2792-b5a5-4b69e13822d1" executionId="c9ab6e96-4fff-4cf3-8b6a-b40d41a4daa8" testListId="8c84fa94-04c1-424b-9868-57a2d4851a1d" />
  </TestEntries>
  <Results>
    <UnitTestResult executionId="c9ab6e96-4fff-4cf3-8b6a-b40d41a4daa8" testId="f0261c4f-67de-2792-b5a5-4b69e13822d1" testName="sumarNumerosTest" computerName="YAUDI" duration="00:00:00.0936057" startTime="2015-11-02T17:14:08.1907083-06:00" endTime="2015-11-02T17:14:09.8660129-06:00" testType="13cdc9d9-ddb5-4fa4-a97d-d965ccfc6d4b" outcome="Passed" testListId="8c84fa94-04c1-424b-9868-57a2d4851a1d" relativeResultsDirectory="c9ab6e96-4fff-4cf3-8b6a-b40d41a4daa8">
    </UnitTestResult>
  </Results>
</TestRun>