<?xml version="1.0" encoding="UTF-8"?>
<TestRun id="88a7e92b-08b2-4ab8-878e-9f065e733d0d" name="Yaudi02@YAUDI 2015-11-02 17:18:59" runUser="YAUDI\Yaudi02" xmlns="http://microsoft.com/schemas/VisualStudio/TeamTest/2010">
  <TestSettings name="Local" id="3cf43bb4-15bc-4363-bde9-c4ace15e3d25">
    <Description>Esta es la configuración de pruebas predeterminada para una ejecución de pruebas local.</Description>
    <Deployment enabled="false" runDeploymentRoot="Yaudi02_YAUDI 2015-11-02 17_18_59">
      <DeploymentItem filename="C:\Users\Yaudi02\Documents\Visual Studio 2010\Projects\Calculadora\cnClaculadora\bin\Debug\cnClaculadora.dll" />
    </Deployment>
    <Execution>
      <TestTypeSpecific />
      <AgentRule name="Execution Agents">
      </AgentRule>
    </Execution>
  </TestSettings>
  <Times creation="2015-11-02T17:18:59.7011699-06:00" queuing="2015-11-02T17:18:59.7401921-06:00" start="2015-11-02T17:18:59.7752135-06:00" finish="2015-11-02T17:19:00.5877556-06:00" />
  <ResultSummary outcome="Completed">
    <Counters total="1" executed="1" passed="1" error="0" failed="0" timeout="0" aborted="0" inconclusive="0" passedButRunAborted="0" notRunnable="0" notExecuted="0" disconnected="0" warning="0" completed="0" inProgress="0" pending="0" />
  </ResultSummary>
  <TestDefinitions>
    <UnitTest name="DivisionNumerosTest" storage="c:\users\yaudi02\documents\visual studio 2010\projects\calculadora\calculadoratest\bin\debug\calculadoratest.dll" id="17e23886-a528-d0ea-85d1-6be8250ba5d5">
      <Execution id="70d90d0a-c00a-455c-9cb7-f00b1919e9a5" />
      <TestMethod codeBase="C:/Users/Yaudi02/Documents/Visual Studio 2010/Projects/Calculadora/calculadoraTest/bin/Debug/calculadoraTest.DLL" adapterTypeName="Microsoft.VisualStudio.TestTools.TestTypes.Unit.UnitTestAdapter, Microsoft.VisualStudio.QualityTools.Tips.UnitTest.Adapter, Version=10.0.0.0, Culture=neutral, PublicKeyToken=b03f5f7f11d50a3a" className="calculadoraTest.LogicaTest, calculadoraTest, Version=1.0.0.0, Culture=neutral, PublicKeyToken=null" name="DivisionNumerosTest" />
    </UnitTest>
  </TestDefinitions>
  <TestLists>
    <TestList name="Resultados que no están en la lista" id="8c84fa94-04c1-424b-9868-57a2d4851a1d" />
    <TestList name="Todos los resultados cargados" id="19431567-8539-422a-85d7-44ee4e166bda" />
  </TestLists>
  <TestEntries>
    <TestEntry testId="17e23886-a528-d0ea-85d1-6be8250ba5d5" executionId="70d90d0a-c00a-455c-9cb7-f00b1919e9a5" testListId="8c84fa94-04c1-424b-9868-57a2d4851a1d" />
  </TestEntries>
  <Results>
    <UnitTestResult executionId="70d90d0a-c00a-455c-9cb7-f00b1919e9a5" testId="17e23886-a528-d0ea-85d1-6be8250ba5d5" testName="DivisionNumerosTest" computerName="YAUDI" duration="00:00:00.0626933" startTime="2015-11-02T17:18:59.7852237-06:00" endTime="2015-11-02T17:19:00.5527312-06:00" testType="13cdc9d9-ddb5-4fa4-a97d-d965ccfc6d4b" outcome="Passed" testListId="8c84fa94-04c1-424b-9868-57a2d4851a1d" relativeResultsDirectory="70d90d0a-c00a-455c-9cb7-f00b1919e9a5">
    </UnitTestResult>
  </Results>
</TestRun>